<?xml version="1.0" encoding="UTF-8"?>
<robot generator="Robot 4.1.3 (Python 3.9.11 on win32)" generated="20220328 00:12:56.319" rpa="false" schemaversion="2">
<suite id="s1" name="Tugas5" source="D:\Dojobox\Tugas5\tugas5.robot">
<test id="s1-t1" name="User Do Sign Up">
<kw name="Open Browser" library="SeleniumLibrary" type="SETUP">
<arg>${URL}</arg>
<arg>${BROWSERS}</arg>
<doc>Opens a new browser instance to the optional ``url``.</doc>
<msg timestamp="20220328 00:12:56.537" level="INFO">Opening browser 'Chrome' to base url 'https://www.demoblaze.com/index.html'.</msg>
<status status="PASS" starttime="20220328 00:12:56.536" endtime="20220328 00:12:58.734"/>
</kw>
<kw name="Maximize window" library="signup">
<kw name="Maximize Browser Window" library="SeleniumLibrary">
<doc>Maximizes current browser window.</doc>
<status status="PASS" starttime="20220328 00:12:58.735" endtime="20220328 00:12:58.869"/>
</kw>
<status status="PASS" starttime="20220328 00:12:58.735" endtime="20220328 00:12:58.869"/>
</kw>
<kw name="Click Sign Up menu" library="signup">
<kw name="Click Element" library="SeleniumLibrary">
<arg>xpath=//a[@id='signin2']</arg>
<doc>Click the element identified by ``locator``.</doc>
<msg timestamp="20220328 00:12:58.869" level="INFO">Clicking element 'xpath=//a[@id='signin2']'.</msg>
<status status="PASS" starttime="20220328 00:12:58.869" endtime="20220328 00:12:58.930"/>
</kw>
<kw name="Sleep" library="BuiltIn">
<arg>1s</arg>
<doc>Pauses the test executed for the given time.</doc>
<msg timestamp="20220328 00:12:59.945" level="INFO">Slept 1 second</msg>
<status status="PASS" starttime="20220328 00:12:58.931" endtime="20220328 00:12:59.945"/>
</kw>
<status status="PASS" starttime="20220328 00:12:58.869" endtime="20220328 00:12:59.945"/>
</kw>
<kw name="Input username" library="signup">
<arg>usernameValid=admin12325</arg>
<kw name="Input Text" library="SeleniumLibrary">
<arg>xpath=//input[@id='sign-username']</arg>
<arg>${usernameValid}</arg>
<doc>Types the given ``text`` into the text field identified by ``locator``.</doc>
<msg timestamp="20220328 00:12:59.948" level="INFO">Typing text 'admin12325' into text field 'xpath=//input[@id='sign-username']'.</msg>
<status status="PASS" starttime="20220328 00:12:59.947" endtime="20220328 00:13:00.103"/>
</kw>
<status status="PASS" starttime="20220328 00:12:59.946" endtime="20220328 00:13:00.103"/>
</kw>
<kw name="Input password" library="signup">
<arg>passwordValid=admin123</arg>
<kw name="Input Text" library="SeleniumLibrary">
<arg>//input[@id='sign-password']</arg>
<arg>${passwordValid}</arg>
<doc>Types the given ``text`` into the text field identified by ``locator``.</doc>
<msg timestamp="20220328 00:13:00.105" level="INFO">Typing text 'admin123' into text field '//input[@id='sign-password']'.</msg>
<status status="PASS" starttime="20220328 00:13:00.105" endtime="20220328 00:13:00.182"/>
</kw>
<status status="PASS" starttime="20220328 00:13:00.104" endtime="20220328 00:13:00.182"/>
</kw>
<kw name="Click Sign Up Button" library="signup">
<kw name="Click Element" library="SeleniumLibrary">
<arg>xpath=//button[contains(text(),'Sign up')]</arg>
<doc>Click the element identified by ``locator``.</doc>
<msg timestamp="20220328 00:13:00.186" level="INFO">Clicking element 'xpath=//button[contains(text(),'Sign up')]'.</msg>
<status status="PASS" starttime="20220328 00:13:00.182" endtime="20220328 00:13:00.220"/>
</kw>
<status status="PASS" starttime="20220328 00:13:00.182" endtime="20220328 00:13:00.221"/>
</kw>
<kw name="Verif Signup success" library="signup">
<kw name="Alert Should Be Present" library="SeleniumLibrary">
<arg>Sign up successful.</arg>
<arg>Accept</arg>
<doc>Verifies that an alert is present and by default, accepts it.</doc>
<msg timestamp="20220328 00:13:00.222" level="INFO">HANDLE::&lt;class 'NoneType'&gt;::None</msg>
<status status="PASS" starttime="20220328 00:13:00.221" endtime="20220328 00:13:01.241"/>
</kw>
<kw name="Sleep" library="BuiltIn">
<arg>2s</arg>
<doc>Pauses the test executed for the given time.</doc>
<msg timestamp="20220328 00:13:03.260" level="INFO">Slept 2 seconds</msg>
<status status="PASS" starttime="20220328 00:13:01.241" endtime="20220328 00:13:03.260"/>
</kw>
<status status="PASS" starttime="20220328 00:13:00.221" endtime="20220328 00:13:03.260"/>
</kw>
<kw name="Close Browser" library="SeleniumLibrary" type="TEARDOWN">
<doc>Closes the current browser.</doc>
<status status="PASS" starttime="20220328 00:13:03.260" endtime="20220328 00:13:06.479"/>
</kw>
<status status="PASS" starttime="20220328 00:12:56.529" endtime="20220328 00:13:06.479"/>
</test>
<test id="s1-t2" name="Signup Exist">
<kw name="Open Browser" library="SeleniumLibrary" type="SETUP">
<arg>${URL}</arg>
<arg>${BROWSERS}</arg>
<doc>Opens a new browser instance to the optional ``url``.</doc>
<msg timestamp="20220328 00:13:06.479" level="INFO">Opening browser 'Chrome' to base url 'https://www.demoblaze.com/index.html'.</msg>
<status status="PASS" starttime="20220328 00:13:06.479" endtime="20220328 00:13:08.615"/>
</kw>
<kw name="Maximize window" library="signup">
<kw name="Maximize Browser Window" library="SeleniumLibrary">
<doc>Maximizes current browser window.</doc>
<status status="PASS" starttime="20220328 00:13:08.616" endtime="20220328 00:13:08.742"/>
</kw>
<status status="PASS" starttime="20220328 00:13:08.616" endtime="20220328 00:13:08.742"/>
</kw>
<kw name="Click Sign Up menu" library="signup">
<kw name="Click Element" library="SeleniumLibrary">
<arg>xpath=//a[@id='signin2']</arg>
<doc>Click the element identified by ``locator``.</doc>
<msg timestamp="20220328 00:13:08.742" level="INFO">Clicking element 'xpath=//a[@id='signin2']'.</msg>
<status status="PASS" starttime="20220328 00:13:08.742" endtime="20220328 00:13:08.803"/>
</kw>
<kw name="Sleep" library="BuiltIn">
<arg>1s</arg>
<doc>Pauses the test executed for the given time.</doc>
<msg timestamp="20220328 00:13:09.812" level="INFO">Slept 1 second</msg>
<status status="PASS" starttime="20220328 00:13:08.803" endtime="20220328 00:13:09.812"/>
</kw>
<status status="PASS" starttime="20220328 00:13:08.742" endtime="20220328 00:13:09.812"/>
</kw>
<kw name="Input username" library="signup">
<arg>usernameValid=admin12322</arg>
<kw name="Input Text" library="SeleniumLibrary">
<arg>xpath=//input[@id='sign-username']</arg>
<arg>${usernameValid}</arg>
<doc>Types the given ``text`` into the text field identified by ``locator``.</doc>
<msg timestamp="20220328 00:13:09.815" level="INFO">Typing text 'admin12322' into text field 'xpath=//input[@id='sign-username']'.</msg>
<status status="PASS" starttime="20220328 00:13:09.812" endtime="20220328 00:13:09.887"/>
</kw>
<status status="PASS" starttime="20220328 00:13:09.812" endtime="20220328 00:13:09.887"/>
</kw>
<kw name="Input password" library="signup">
<arg>passwordValid=admin123</arg>
<kw name="Input Text" library="SeleniumLibrary">
<arg>//input[@id='sign-password']</arg>
<arg>${passwordValid}</arg>
<doc>Types the given ``text`` into the text field identified by ``locator``.</doc>
<msg timestamp="20220328 00:13:09.888" level="INFO">Typing text 'admin123' into text field '//input[@id='sign-password']'.</msg>
<status status="PASS" starttime="20220328 00:13:09.888" endtime="20220328 00:13:09.956"/>
</kw>
<status status="PASS" starttime="20220328 00:13:09.887" endtime="20220328 00:13:09.956"/>
</kw>
<kw name="Click Sign Up Button" library="signup">
<kw name="Click Element" library="SeleniumLibrary">
<arg>xpath=//button[contains(text(),'Sign up')]</arg>
<doc>Click the element identified by ``locator``.</doc>
<msg timestamp="20220328 00:13:09.957" level="INFO">Clicking element 'xpath=//button[contains(text(),'Sign up')]'.</msg>
<status status="PASS" starttime="20220328 00:13:09.957" endtime="20220328 00:13:09.993"/>
</kw>
<status status="PASS" starttime="20220328 00:13:09.957" endtime="20220328 00:13:09.994"/>
</kw>
<kw name="Verif Signup exist username" library="signup">
<kw name="Alert Should Be Present" library="SeleniumLibrary">
<arg>This user already exist.</arg>
<arg>Accept</arg>
<doc>Verifies that an alert is present and by default, accepts it.</doc>
<msg timestamp="20220328 00:13:09.995" level="INFO">HANDLE::&lt;class 'NoneType'&gt;::None</msg>
<status status="PASS" starttime="20220328 00:13:09.994" endtime="20220328 00:13:10.506"/>
</kw>
<status status="PASS" starttime="20220328 00:13:09.994" endtime="20220328 00:13:10.506"/>
</kw>
<kw name="Close Browser" library="SeleniumLibrary" type="TEARDOWN">
<doc>Closes the current browser.</doc>
<status status="PASS" starttime="20220328 00:13:10.507" endtime="20220328 00:13:12.654"/>
</kw>
<status status="PASS" starttime="20220328 00:13:06.479" endtime="20220328 00:13:12.654"/>
</test>
<test id="s1-t3" name="Signup Empty">
<kw name="Open Browser" library="SeleniumLibrary" type="SETUP">
<arg>${URL}</arg>
<arg>${BROWSERS}</arg>
<doc>Opens a new browser instance to the optional ``url``.</doc>
<msg timestamp="20220328 00:13:12.658" level="INFO">Opening browser 'Chrome' to base url 'https://www.demoblaze.com/index.html'.</msg>
<status status="PASS" starttime="20220328 00:13:12.657" endtime="20220328 00:13:14.591"/>
</kw>
<kw name="Maximize window" library="signup">
<kw name="Maximize Browser Window" library="SeleniumLibrary">
<doc>Maximizes current browser window.</doc>
<status status="PASS" starttime="20220328 00:13:14.592" endtime="20220328 00:13:14.718"/>
</kw>
<status status="PASS" starttime="20220328 00:13:14.592" endtime="20220328 00:13:14.718"/>
</kw>
<kw name="Click Sign Up menu" library="signup">
<kw name="Click Element" library="SeleniumLibrary">
<arg>xpath=//a[@id='signin2']</arg>
<doc>Click the element identified by ``locator``.</doc>
<msg timestamp="20220328 00:13:14.720" level="INFO">Clicking element 'xpath=//a[@id='signin2']'.</msg>
<status status="PASS" starttime="20220328 00:13:14.719" endtime="20220328 00:13:14.777"/>
</kw>
<kw name="Sleep" library="BuiltIn">
<arg>1s</arg>
<doc>Pauses the test executed for the given time.</doc>
<msg timestamp="20220328 00:13:15.779" level="INFO">Slept 1 second</msg>
<status status="PASS" starttime="20220328 00:13:14.777" endtime="20220328 00:13:15.779"/>
</kw>
<status status="PASS" starttime="20220328 00:13:14.719" endtime="20220328 00:13:15.779"/>
</kw>
<kw name="Input username" library="signup">
<arg>usernameValid=</arg>
<kw name="Input Text" library="SeleniumLibrary">
<arg>xpath=//input[@id='sign-username']</arg>
<arg>${usernameValid}</arg>
<doc>Types the given ``text`` into the text field identified by ``locator``.</doc>
<msg timestamp="20220328 00:13:15.782" level="INFO">Typing text '' into text field 'xpath=//input[@id='sign-username']'.</msg>
<status status="PASS" starttime="20220328 00:13:15.779" endtime="20220328 00:13:15.847"/>
</kw>
<status status="PASS" starttime="20220328 00:13:15.779" endtime="20220328 00:13:15.847"/>
</kw>
<kw name="Input password" library="signup">
<arg>passwordValid=</arg>
<kw name="Input Text" library="SeleniumLibrary">
<arg>//input[@id='sign-password']</arg>
<arg>${passwordValid}</arg>
<doc>Types the given ``text`` into the text field identified by ``locator``.</doc>
<msg timestamp="20220328 00:13:15.849" level="INFO">Typing text '' into text field '//input[@id='sign-password']'.</msg>
<status status="PASS" starttime="20220328 00:13:15.849" endtime="20220328 00:13:15.924"/>
</kw>
<status status="PASS" starttime="20220328 00:13:15.848" endtime="20220328 00:13:15.924"/>
</kw>
<kw name="Click Sign Up Button" library="signup">
<kw name="Click Element" library="SeleniumLibrary">
<arg>xpath=//button[contains(text(),'Sign up')]</arg>
<doc>Click the element identified by ``locator``.</doc>
<msg timestamp="20220328 00:13:15.926" level="INFO">Clicking element 'xpath=//button[contains(text(),'Sign up')]'.</msg>
<status status="PASS" starttime="20220328 00:13:15.926" endtime="20220328 00:13:15.962"/>
</kw>
<status status="PASS" starttime="20220328 00:13:15.925" endtime="20220328 00:13:15.963"/>
</kw>
<kw name="Verif Signup empty" library="signup">
<kw name="Alert Should Be Present" library="SeleniumLibrary">
<arg>Please fill out Username and Password.</arg>
<arg>Accept</arg>
<doc>Verifies that an alert is present and by default, accepts it.</doc>
<msg timestamp="20220328 00:13:15.964" level="INFO">HANDLE::&lt;class 'NoneType'&gt;::None</msg>
<status status="PASS" starttime="20220328 00:13:15.963" endtime="20220328 00:13:15.971"/>
</kw>
<status status="PASS" starttime="20220328 00:13:15.963" endtime="20220328 00:13:15.971"/>
</kw>
<kw name="Close Browser" library="SeleniumLibrary" type="TEARDOWN">
<doc>Closes the current browser.</doc>
<status status="PASS" starttime="20220328 00:13:15.971" endtime="20220328 00:13:18.250"/>
</kw>
<status status="PASS" starttime="20220328 00:13:12.657" endtime="20220328 00:13:18.250"/>
</test>
<test id="s1-t4" name="Login Valid">
<kw name="Open Browser" library="SeleniumLibrary" type="SETUP">
<arg>${URL}</arg>
<arg>${BROWSERS}</arg>
<doc>Opens a new browser instance to the optional ``url``.</doc>
<msg timestamp="20220328 00:13:18.253" level="INFO">Opening browser 'Chrome' to base url 'https://www.demoblaze.com/index.html'.</msg>
<status status="PASS" starttime="20220328 00:13:18.253" endtime="20220328 00:13:20.095"/>
</kw>
<kw name="Maximize window" library="signup">
<kw name="Maximize Browser Window" library="SeleniumLibrary">
<doc>Maximizes current browser window.</doc>
<status status="PASS" starttime="20220328 00:13:20.096" endtime="20220328 00:13:20.248"/>
</kw>
<status status="PASS" starttime="20220328 00:13:20.095" endtime="20220328 00:13:20.248"/>
</kw>
<kw name="Click login menu" library="signin">
<kw name="Click Element" library="SeleniumLibrary">
<arg>//a[@id='login2']</arg>
<doc>Click the element identified by ``locator``.</doc>
<msg timestamp="20220328 00:13:20.249" level="INFO">Clicking element '//a[@id='login2']'.</msg>
<status status="PASS" starttime="20220328 00:13:20.249" endtime="20220328 00:13:20.324"/>
</kw>
<kw name="Sleep" library="BuiltIn">
<arg>1s</arg>
<doc>Pauses the test executed for the given time.</doc>
<msg timestamp="20220328 00:13:21.339" level="INFO">Slept 1 second</msg>
<status status="PASS" starttime="20220328 00:13:20.325" endtime="20220328 00:13:21.339"/>
</kw>
<status status="PASS" starttime="20220328 00:13:20.249" endtime="20220328 00:13:21.339"/>
</kw>
<kw name="Input valid username" library="signin">
<arg>usernameValid=admin12321</arg>
<kw name="Input Text" library="SeleniumLibrary">
<arg>//input[@id='loginusername']</arg>
<arg>${usernameValid}</arg>
<doc>Types the given ``text`` into the text field identified by ``locator``.</doc>
<msg timestamp="20220328 00:13:21.341" level="INFO">Typing text 'admin12321' into text field '//input[@id='loginusername']'.</msg>
<status status="PASS" starttime="20220328 00:13:21.339" endtime="20220328 00:13:21.415"/>
</kw>
<status status="PASS" starttime="20220328 00:13:21.339" endtime="20220328 00:13:21.415"/>
</kw>
<kw name="Input valid password" library="signin">
<arg>passwordValid=admin123</arg>
<kw name="Input Text" library="SeleniumLibrary">
<arg>//input[@id='loginpassword']</arg>
<arg>${passwordValid}</arg>
<doc>Types the given ``text`` into the text field identified by ``locator``.</doc>
<msg timestamp="20220328 00:13:21.417" level="INFO">Typing text 'admin123' into text field '//input[@id='loginpassword']'.</msg>
<status status="PASS" starttime="20220328 00:13:21.417" endtime="20220328 00:13:21.485"/>
</kw>
<status status="PASS" starttime="20220328 00:13:21.416" endtime="20220328 00:13:21.485"/>
</kw>
<kw name="Click login button" library="signin">
<kw name="Click Element" library="SeleniumLibrary">
<arg>xpath=//button[contains(text(),'Log in')]</arg>
<doc>Click the element identified by ``locator``.</doc>
<msg timestamp="20220328 00:13:21.486" level="INFO">Clicking element 'xpath=//button[contains(text(),'Log in')]'.</msg>
<status status="PASS" starttime="20220328 00:13:21.486" endtime="20220328 00:13:21.521"/>
</kw>
<status status="PASS" starttime="20220328 00:13:21.486" endtime="20220328 00:13:21.521"/>
</kw>
<kw name="Verification Login valid" library="signin">
<kw name="Wait Until Page Contains Element" library="SeleniumLibrary">
<arg>//a[@id='nameofuser']</arg>
<doc>Waits until the element ``locator`` appears on the current page.</doc>
<status status="PASS" starttime="20220328 00:13:21.522" endtime="20220328 00:13:21.532"/>
</kw>
<status status="PASS" starttime="20220328 00:13:21.522" endtime="20220328 00:13:21.532"/>
</kw>
<kw name="Close Browser" library="SeleniumLibrary" type="TEARDOWN">
<doc>Closes the current browser.</doc>
<status status="PASS" starttime="20220328 00:13:21.533" endtime="20220328 00:13:23.815"/>
</kw>
<status status="PASS" starttime="20220328 00:13:18.252" endtime="20220328 00:13:23.815"/>
</test>
<test id="s1-t5" name="Login invalid">
<kw name="Open Browser" library="SeleniumLibrary" type="SETUP">
<arg>${URL}</arg>
<arg>${BROWSERS}</arg>
<doc>Opens a new browser instance to the optional ``url``.</doc>
<msg timestamp="20220328 00:13:23.815" level="INFO">Opening browser 'Chrome' to base url 'https://www.demoblaze.com/index.html'.</msg>
<status status="PASS" starttime="20220328 00:13:23.815" endtime="20220328 00:13:25.582"/>
</kw>
<kw name="Maximize window" library="signup">
<kw name="Maximize Browser Window" library="SeleniumLibrary">
<doc>Maximizes current browser window.</doc>
<status status="PASS" starttime="20220328 00:13:25.583" endtime="20220328 00:13:25.716"/>
</kw>
<status status="PASS" starttime="20220328 00:13:25.582" endtime="20220328 00:13:25.717"/>
</kw>
<kw name="Click login menu" library="signin">
<kw name="Click Element" library="SeleniumLibrary">
<arg>//a[@id='login2']</arg>
<doc>Click the element identified by ``locator``.</doc>
<msg timestamp="20220328 00:13:25.718" level="INFO">Clicking element '//a[@id='login2']'.</msg>
<status status="PASS" starttime="20220328 00:13:25.717" endtime="20220328 00:13:25.916"/>
</kw>
<kw name="Sleep" library="BuiltIn">
<arg>1s</arg>
<doc>Pauses the test executed for the given time.</doc>
<msg timestamp="20220328 00:13:26.919" level="INFO">Slept 1 second</msg>
<status status="PASS" starttime="20220328 00:13:25.916" endtime="20220328 00:13:26.919"/>
</kw>
<status status="PASS" starttime="20220328 00:13:25.717" endtime="20220328 00:13:26.919"/>
</kw>
<kw name="Input valid username" library="signin">
<arg>usernameValid=admin12321</arg>
<kw name="Input Text" library="SeleniumLibrary">
<arg>//input[@id='loginusername']</arg>
<arg>${usernameValid}</arg>
<doc>Types the given ``text`` into the text field identified by ``locator``.</doc>
<msg timestamp="20220328 00:13:26.921" level="INFO">Typing text 'admin12321' into text field '//input[@id='loginusername']'.</msg>
<status status="PASS" starttime="20220328 00:13:26.921" endtime="20220328 00:13:26.990"/>
</kw>
<status status="PASS" starttime="20220328 00:13:26.919" endtime="20220328 00:13:26.990"/>
</kw>
<kw name="Input valid password" library="signin">
<arg>passwordValid=admin1234</arg>
<kw name="Input Text" library="SeleniumLibrary">
<arg>//input[@id='loginpassword']</arg>
<arg>${passwordValid}</arg>
<doc>Types the given ``text`` into the text field identified by ``locator``.</doc>
<msg timestamp="20220328 00:13:26.996" level="INFO">Typing text 'admin1234' into text field '//input[@id='loginpassword']'.</msg>
<status status="PASS" starttime="20220328 00:13:26.991" endtime="20220328 00:13:27.066"/>
</kw>
<status status="PASS" starttime="20220328 00:13:26.991" endtime="20220328 00:13:27.066"/>
</kw>
<kw name="Click login button" library="signin">
<kw name="Click Element" library="SeleniumLibrary">
<arg>xpath=//button[contains(text(),'Log in')]</arg>
<doc>Click the element identified by ``locator``.</doc>
<msg timestamp="20220328 00:13:27.067" level="INFO">Clicking element 'xpath=//button[contains(text(),'Log in')]'.</msg>
<status status="PASS" starttime="20220328 00:13:27.067" endtime="20220328 00:13:27.105"/>
</kw>
<status status="PASS" starttime="20220328 00:13:27.067" endtime="20220328 00:13:27.105"/>
</kw>
<kw name="Verification Login invalid" library="signin">
<kw name="Alert Should Be Present" library="SeleniumLibrary">
<arg>Wrong password.</arg>
<arg>Accept</arg>
<doc>Verifies that an alert is present and by default, accepts it.</doc>
<msg timestamp="20220328 00:13:27.106" level="INFO">HANDLE::&lt;class 'NoneType'&gt;::None</msg>
<status status="PASS" starttime="20220328 00:13:27.105" endtime="20220328 00:13:27.622"/>
</kw>
<status status="PASS" starttime="20220328 00:13:27.105" endtime="20220328 00:13:27.623"/>
</kw>
<kw name="Close Browser" library="SeleniumLibrary" type="TEARDOWN">
<doc>Closes the current browser.</doc>
<status status="PASS" starttime="20220328 00:13:27.624" endtime="20220328 00:13:29.856"/>
</kw>
<status status="PASS" starttime="20220328 00:13:23.815" endtime="20220328 00:13:29.856"/>
</test>
<test id="s1-t6" name="Login Empty">
<kw name="Open Browser" library="SeleniumLibrary" type="SETUP">
<arg>${URL}</arg>
<arg>${BROWSERS}</arg>
<doc>Opens a new browser instance to the optional ``url``.</doc>
<msg timestamp="20220328 00:13:29.859" level="INFO">Opening browser 'Chrome' to base url 'https://www.demoblaze.com/index.html'.</msg>
<status status="PASS" starttime="20220328 00:13:29.858" endtime="20220328 00:13:31.825"/>
</kw>
<kw name="Maximize window" library="signup">
<kw name="Maximize Browser Window" library="SeleniumLibrary">
<doc>Maximizes current browser window.</doc>
<status status="PASS" starttime="20220328 00:13:31.826" endtime="20220328 00:13:31.960"/>
</kw>
<status status="PASS" starttime="20220328 00:13:31.825" endtime="20220328 00:13:31.961"/>
</kw>
<kw name="Click login menu" library="signin">
<kw name="Click Element" library="SeleniumLibrary">
<arg>//a[@id='login2']</arg>
<doc>Click the element identified by ``locator``.</doc>
<msg timestamp="20220328 00:13:31.965" level="INFO">Clicking element '//a[@id='login2']'.</msg>
<status status="PASS" starttime="20220328 00:13:31.964" endtime="20220328 00:13:32.035"/>
</kw>
<kw name="Sleep" library="BuiltIn">
<arg>1s</arg>
<doc>Pauses the test executed for the given time.</doc>
<msg timestamp="20220328 00:13:33.045" level="INFO">Slept 1 second</msg>
<status status="PASS" starttime="20220328 00:13:32.036" endtime="20220328 00:13:33.045"/>
</kw>
<status status="PASS" starttime="20220328 00:13:31.962" endtime="20220328 00:13:33.045"/>
</kw>
<kw name="Input valid username" library="signin">
<arg>usernameValid=</arg>
<kw name="Input Text" library="SeleniumLibrary">
<arg>//input[@id='loginusername']</arg>
<arg>${usernameValid}</arg>
<doc>Types the given ``text`` into the text field identified by ``locator``.</doc>
<msg timestamp="20220328 00:13:33.049" level="INFO">Typing text '' into text field '//input[@id='loginusername']'.</msg>
<status status="PASS" starttime="20220328 00:13:33.045" endtime="20220328 00:13:33.111"/>
</kw>
<status status="PASS" starttime="20220328 00:13:33.045" endtime="20220328 00:13:33.111"/>
</kw>
<kw name="Input valid password" library="signin">
<arg>passwordValid=</arg>
<kw name="Input Text" library="SeleniumLibrary">
<arg>//input[@id='loginpassword']</arg>
<arg>${passwordValid}</arg>
<doc>Types the given ``text`` into the text field identified by ``locator``.</doc>
<msg timestamp="20220328 00:13:33.113" level="INFO">Typing text '' into text field '//input[@id='loginpassword']'.</msg>
<status status="PASS" starttime="20220328 00:13:33.113" endtime="20220328 00:13:33.177"/>
</kw>
<status status="PASS" starttime="20220328 00:13:33.112" endtime="20220328 00:13:33.177"/>
</kw>
<kw name="Click login button" library="signin">
<kw name="Click Element" library="SeleniumLibrary">
<arg>xpath=//button[contains(text(),'Log in')]</arg>
<doc>Click the element identified by ``locator``.</doc>
<msg timestamp="20220328 00:13:33.178" level="INFO">Clicking element 'xpath=//button[contains(text(),'Log in')]'.</msg>
<status status="PASS" starttime="20220328 00:13:33.178" endtime="20220328 00:13:33.215"/>
</kw>
<status status="PASS" starttime="20220328 00:13:33.177" endtime="20220328 00:13:33.215"/>
</kw>
<kw name="Verification Login empty" library="signin">
<kw name="Alert Should Be Present" library="SeleniumLibrary">
<arg>Please fill out Username and Password.</arg>
<arg>Accept</arg>
<doc>Verifies that an alert is present and by default, accepts it.</doc>
<msg timestamp="20220328 00:13:33.216" level="INFO">HANDLE::&lt;class 'NoneType'&gt;::None</msg>
<status status="PASS" starttime="20220328 00:13:33.216" endtime="20220328 00:13:33.220"/>
</kw>
<status status="PASS" starttime="20220328 00:13:33.216" endtime="20220328 00:13:33.221"/>
</kw>
<kw name="Close Browser" library="SeleniumLibrary" type="TEARDOWN">
<doc>Closes the current browser.</doc>
<status status="PASS" starttime="20220328 00:13:33.221" endtime="20220328 00:13:35.496"/>
</kw>
<status status="PASS" starttime="20220328 00:13:29.858" endtime="20220328 00:13:35.496"/>
</test>
<test id="s1-t7" name="Order Samsung S6">
<kw name="Open Browser" library="SeleniumLibrary" type="SETUP">
<arg>${URL}</arg>
<arg>${BROWSERS}</arg>
<doc>Opens a new browser instance to the optional ``url``.</doc>
<msg timestamp="20220328 00:13:35.499" level="INFO">Opening browser 'Chrome' to base url 'https://www.demoblaze.com/index.html'.</msg>
<status status="PASS" starttime="20220328 00:13:35.499" endtime="20220328 00:13:37.313"/>
</kw>
<kw name="Click Samsung S6" library="order">
<kw name="Wait Until Page Contains Element" library="SeleniumLibrary">
<arg>//a[contains(text(),'Samsung galaxy s6')]</arg>
<doc>Waits until the element ``locator`` appears on the current page.</doc>
<status status="PASS" starttime="20220328 00:13:37.314" endtime="20220328 00:13:37.575"/>
</kw>
<kw name="Click Link" library="SeleniumLibrary">
<arg>//a[contains(text(),'Samsung galaxy s6')]</arg>
<doc>Clicks a link identified by ``locator``.</doc>
<msg timestamp="20220328 00:13:37.577" level="INFO">Clicking link '//a[contains(text(),'Samsung galaxy s6')]'.</msg>
<status status="PASS" starttime="20220328 00:13:37.576" endtime="20220328 00:13:38.154"/>
</kw>
<status status="PASS" starttime="20220328 00:13:37.314" endtime="20220328 00:13:38.154"/>
</kw>
<kw name="Click Add to Chart" library="order">
<kw name="Wait Until Page Contains Element" library="SeleniumLibrary">
<arg>//a[contains(text(),'Add to cart')]</arg>
<doc>Waits until the element ``locator`` appears on the current page.</doc>
<status status="PASS" starttime="20220328 00:13:38.155" endtime="20220328 00:13:38.820"/>
</kw>
<kw name="Click Element" library="SeleniumLibrary">
<arg>//a[contains(text(),'Add to cart')]</arg>
<doc>Click the element identified by ``locator``.</doc>
<msg timestamp="20220328 00:13:38.820" level="INFO">Clicking element '//a[contains(text(),'Add to cart')]'.</msg>
<status status="PASS" starttime="20220328 00:13:38.820" endtime="20220328 00:13:38.866"/>
</kw>
<status status="PASS" starttime="20220328 00:13:38.155" endtime="20220328 00:13:38.866"/>
</kw>
<kw name="Verif adding item success" library="order">
<kw name="Alert Should Be Present" library="SeleniumLibrary">
<arg>Product added</arg>
<arg>Accept</arg>
<doc>Verifies that an alert is present and by default, accepts it.</doc>
<msg timestamp="20220328 00:13:38.868" level="INFO">HANDLE::&lt;class 'NoneType'&gt;::None</msg>
<status status="PASS" starttime="20220328 00:13:38.867" endtime="20220328 00:13:39.889"/>
</kw>
<status status="PASS" starttime="20220328 00:13:38.867" endtime="20220328 00:13:39.889"/>
</kw>
<kw name="Click Chart menu" library="chart">
<kw name="Click Element" library="SeleniumLibrary">
<arg>//a[@id='cartur']</arg>
<doc>Click the element identified by ``locator``.</doc>
<msg timestamp="20220328 00:13:39.892" level="INFO">Clicking element '//a[@id='cartur']'.</msg>
<status status="PASS" starttime="20220328 00:13:39.891" endtime="20220328 00:13:40.441"/>
</kw>
<status status="PASS" starttime="20220328 00:13:39.889" endtime="20220328 00:13:40.441"/>
</kw>
<kw name="Click place order" library="chart">
<kw name="Click Element" library="SeleniumLibrary">
<arg>//button[contains(text(),'Place Order')]</arg>
<doc>Click the element identified by ``locator``.</doc>
<msg timestamp="20220328 00:13:40.443" level="INFO">Clicking element '//button[contains(text(),'Place Order')]'.</msg>
<status status="PASS" starttime="20220328 00:13:40.442" endtime="20220328 00:13:40.515"/>
</kw>
<kw name="Sleep" library="BuiltIn">
<arg>1s</arg>
<doc>Pauses the test executed for the given time.</doc>
<msg timestamp="20220328 00:13:41.519" level="INFO">Slept 1 second</msg>
<status status="PASS" starttime="20220328 00:13:40.516" endtime="20220328 00:13:41.519"/>
</kw>
<status status="PASS" starttime="20220328 00:13:40.442" endtime="20220328 00:13:41.519"/>
</kw>
<kw name="Input name order" library="chart">
<arg>name=admin</arg>
<kw name="Input Text" library="SeleniumLibrary">
<arg>//input[@id='name']</arg>
<arg>${name}</arg>
<doc>Types the given ``text`` into the text field identified by ``locator``.</doc>
<msg timestamp="20220328 00:13:41.521" level="INFO">Typing text 'admin' into text field '//input[@id='name']'.</msg>
<status status="PASS" starttime="20220328 00:13:41.519" endtime="20220328 00:13:41.595"/>
</kw>
<status status="PASS" starttime="20220328 00:13:41.519" endtime="20220328 00:13:41.595"/>
</kw>
<kw name="Input country order" library="chart">
<arg>country=wakanda</arg>
<kw name="Input Text" library="SeleniumLibrary">
<arg>//input[@id='country']</arg>
<arg>${country}</arg>
<doc>Types the given ``text`` into the text field identified by ``locator``.</doc>
<msg timestamp="20220328 00:13:41.596" level="INFO">Typing text 'wakanda' into text field '//input[@id='country']'.</msg>
<status status="PASS" starttime="20220328 00:13:41.596" endtime="20220328 00:13:41.670"/>
</kw>
<status status="PASS" starttime="20220328 00:13:41.595" endtime="20220328 00:13:41.670"/>
</kw>
<kw name="Input city order" library="chart">
<arg>city=WakandaCity</arg>
<kw name="Input Text" library="SeleniumLibrary">
<arg>//input[@id='city']</arg>
<arg>${city}</arg>
<doc>Types the given ``text`` into the text field identified by ``locator``.</doc>
<msg timestamp="20220328 00:13:41.671" level="INFO">Typing text 'WakandaCity' into text field '//input[@id='city']'.</msg>
<status status="PASS" starttime="20220328 00:13:41.671" endtime="20220328 00:13:41.746"/>
</kw>
<status status="PASS" starttime="20220328 00:13:41.671" endtime="20220328 00:13:41.746"/>
</kw>
<kw name="Input card order" library="chart">
<arg>card=123546</arg>
<kw name="Input Text" library="SeleniumLibrary">
<arg>//input[@id='card']</arg>
<arg>${card}</arg>
<doc>Types the given ``text`` into the text field identified by ``locator``.</doc>
<msg timestamp="20220328 00:13:41.749" level="INFO">Typing text '123546' into text field '//input[@id='card']'.</msg>
<status status="PASS" starttime="20220328 00:13:41.748" endtime="20220328 00:13:41.847"/>
</kw>
<status status="PASS" starttime="20220328 00:13:41.747" endtime="20220328 00:13:41.848"/>
</kw>
<kw name="Input month order" library="chart">
<arg>month=March</arg>
<kw name="Input Text" library="SeleniumLibrary">
<arg>//input[@id='month']</arg>
<arg>${month}</arg>
<doc>Types the given ``text`` into the text field identified by ``locator``.</doc>
<msg timestamp="20220328 00:13:41.850" level="INFO">Typing text 'March' into text field '//input[@id='month']'.</msg>
<status status="PASS" starttime="20220328 00:13:41.850" endtime="20220328 00:13:41.930"/>
</kw>
<status status="PASS" starttime="20220328 00:13:41.849" endtime="20220328 00:13:41.930"/>
</kw>
<kw name="Input year order" library="chart">
<arg>year=2022</arg>
<kw name="Input Text" library="SeleniumLibrary">
<arg>//input[@id='year']</arg>
<arg>${year}</arg>
<doc>Types the given ``text`` into the text field identified by ``locator``.</doc>
<msg timestamp="20220328 00:13:41.933" level="INFO">Typing text '2022' into text field '//input[@id='year']'.</msg>
<status status="PASS" starttime="20220328 00:13:41.932" endtime="20220328 00:13:42.034"/>
</kw>
<status status="PASS" starttime="20220328 00:13:41.932" endtime="20220328 00:13:42.035"/>
</kw>
<kw name="Click purchase button" library="chart">
<kw name="Click Element" library="SeleniumLibrary">
<arg>//button[contains(text(),'Purchase')]</arg>
<doc>Click the element identified by ``locator``.</doc>
<msg timestamp="20220328 00:13:42.036" level="INFO">Clicking element '//button[contains(text(),'Purchase')]'.</msg>
<status status="PASS" starttime="20220328 00:13:42.036" endtime="20220328 00:13:42.104"/>
</kw>
<status status="PASS" starttime="20220328 00:13:42.035" endtime="20220328 00:13:42.104"/>
</kw>
<kw name="Verif purchase success" library="chart">
<kw name="Wait Until Page Contains Element" library="SeleniumLibrary">
<arg>//h2[contains(text(),'Thank you for your purchase!')]</arg>
<doc>Waits until the element ``locator`` appears on the current page.</doc>
<status status="PASS" starttime="20220328 00:13:42.105" endtime="20220328 00:13:42.120"/>
</kw>
<status status="PASS" starttime="20220328 00:13:42.104" endtime="20220328 00:13:42.121"/>
</kw>
<kw name="Click OK Purchase" library="chart">
<kw name="Click Element" library="SeleniumLibrary">
<arg>//button[contains(text(),'OK')]</arg>
<doc>Click the element identified by ``locator``.</doc>
<msg timestamp="20220328 00:13:42.123" level="INFO">Clicking element '//button[contains(text(),'OK')]'.</msg>
<status status="PASS" starttime="20220328 00:13:42.122" endtime="20220328 00:13:42.174"/>
</kw>
<status status="PASS" starttime="20220328 00:13:42.122" endtime="20220328 00:13:42.176"/>
</kw>
<kw name="Close Browser" library="SeleniumLibrary" type="TEARDOWN">
<doc>Closes the current browser.</doc>
<status status="PASS" starttime="20220328 00:13:42.177" endtime="20220328 00:13:44.372"/>
</kw>
<status status="PASS" starttime="20220328 00:13:35.498" endtime="20220328 00:13:44.372"/>
</test>
<doc>Tugas 5</doc>
<status status="PASS" starttime="20220328 00:12:56.319" endtime="20220328 00:13:44.375"/>
</suite>
<statistics>
<total>
<stat pass="7" fail="0" skip="0">All Tests</stat>
</total>
<tag>
</tag>
<suite>
<stat pass="7" fail="0" skip="0" id="s1" name="Tugas5">Tugas5</stat>
</suite>
</statistics>
<errors>
</errors>
</robot>
